This file contains any messages produced by compilers while
running configure, to aid debugging if configure makes a mistake.

It was created by rogueclone2s configure 6.0, which was
generated by GNU Autoconf 2.69.  Invocation command line was

  $ ./configure 

## --------- ##
## Platform. ##
## --------- ##

hostname = raspberrypi
uname -m = aarch64
uname -r = 6.1.21-v8+
uname -s = Linux
uname -v = #1642 SMP PREEMPT Mon Apr  3 17:24:16 BST 2023

/usr/bin/uname -p = unknown
/bin/uname -X     = unknown

/bin/arch              = aarch64
/usr/bin/arch -k       = unknown
/usr/convex/getsysinfo = unknown
/usr/bin/hostinfo      = unknown
/bin/machine           = unknown
/usr/bin/oslevel       = unknown
/bin/universe          = unknown

PATH: /home/pi/emsdk
PATH: /home/pi/emsdk/upstream/emscripten
PATH: /home/pi/emsdk/node/14.18.2_64bit/bin
PATH: /usr/local/sbin
PATH: /usr/local/bin
PATH: /usr/sbin
PATH: /usr/bin
PATH: /sbin
PATH: /bin
PATH: /usr/local/games
PATH: /usr/games
PATH: /snap/bin
PATH: /home/pi/arm-gnu-toolchain-13.2.Rel1-aarch64-aarch64-none-elf/bin
PATH: /home/pi/gcc-arm-none-eabi-10.3-2021.07/bin


## ----------- ##
## Core tests. ##
## ----------- ##

configure:2256: checking for a BSD-compatible install
configure:2324: result: /usr/bin/install -c
configure:2335: checking whether build environment is sane
configure:2390: result: yes
configure:2423: WARNING: 'missing' script is too old or missing
configure:2536: checking for a thread-safe mkdir -p
configure:2575: result: /usr/bin/mkdir -p
configure:2582: checking for gawk
configure:2612: result: no
configure:2582: checking for mawk
configure:2598: found /usr/bin/mawk
configure:2609: result: mawk
configure:2620: checking whether make sets $(MAKE)
configure:2642: result: yes
configure:2671: checking whether make supports nested variables
configure:2688: result: yes
configure:2867: checking for gcc
configure:2894: result: /usr/bin/gcc
configure:3123: checking for C compiler version
configure:3132: /usr/bin/gcc --version >&5
gcc (Debian 10.2.1-6) 10.2.1 20210110
Copyright (C) 2020 Free Software Foundation, Inc.
This is free software; see the source for copying conditions.  There is NO
warranty; not even for MERCHANTABILITY or FITNESS FOR A PARTICULAR PURPOSE.

configure:3143: $? = 0
configure:3132: /usr/bin/gcc -v >&5
Using built-in specs.
COLLECT_GCC=/usr/bin/gcc
COLLECT_LTO_WRAPPER=/usr/lib/gcc/aarch64-linux-gnu/10/lto-wrapper
Target: aarch64-linux-gnu
Configured with: ../src/configure -v --with-pkgversion='Debian 10.2.1-6' --with-bugurl=file:///usr/share/doc/gcc-10/README.Bugs --enable-languages=c,ada,c++,go,d,fortran,objc,obj-c++,m2 --prefix=/usr --with-gcc-major-version-only --program-suffix=-10 --program-prefix=aarch64-linux-gnu- --enable-shared --enable-linker-build-id --libexecdir=/usr/lib --without-included-gettext --enable-threads=posix --libdir=/usr/lib --enable-nls --enable-bootstrap --enable-clocale=gnu --enable-libstdcxx-debug --enable-libstdcxx-time=yes --with-default-libstdcxx-abi=new --enable-gnu-unique-object --disable-libquadmath --disable-libquadmath-support --enable-plugin --enable-default-pie --with-system-zlib --enable-libphobos-checking=release --with-target-system-zlib=auto --enable-objc-gc=auto --enable-multiarch --enable-fix-cortex-a53-843419 --disable-werror --enable-checking=release --build=aarch64-linux-gnu --host=aarch64-linux-gnu --target=aarch64-linux-gnu --with-build-config=bootstrap-lto-lean --enable-link-mutex
Thread model: posix
Supported LTO compression algorithms: zlib zstd
gcc version 10.2.1 20210110 (Debian 10.2.1-6) 
configure:3143: $? = 0
configure:3132: /usr/bin/gcc -V >&5
gcc: error: unrecognized command-line option '-V'
gcc: fatal error: no input files
compilation terminated.
configure:3143: $? = 1
configure:3132: /usr/bin/gcc -qversion >&5
gcc: error: unrecognized command-line option '-qversion'; did you mean '--version'?
gcc: fatal error: no input files
compilation terminated.
configure:3143: $? = 1
configure:3163: checking whether the C compiler works
configure:3185: /usr/bin/gcc    conftest.c  >&5
configure:3189: $? = 0
configure:3237: result: yes
configure:3240: checking for C compiler default output file name
configure:3242: result: a.out
configure:3248: checking for suffix of executables
configure:3255: /usr/bin/gcc -o conftest    conftest.c  >&5
configure:3259: $? = 0
configure:3281: result: 
configure:3303: checking whether we are cross compiling
configure:3311: /usr/bin/gcc -o conftest    conftest.c  >&5
configure:3315: $? = 0
configure:3322: ./conftest
configure:3326: $? = 0
configure:3341: result: no
configure:3346: checking for suffix of object files
configure:3368: /usr/bin/gcc -c   conftest.c >&5
configure:3372: $? = 0
configure:3393: result: o
configure:3397: checking whether we are using the GNU C compiler
configure:3416: /usr/bin/gcc -c   conftest.c >&5
configure:3416: $? = 0
configure:3425: result: yes
configure:3434: checking whether /usr/bin/gcc accepts -g
configure:3454: /usr/bin/gcc -c -g  conftest.c >&5
configure:3454: $? = 0
configure:3495: result: yes
configure:3512: checking for /usr/bin/gcc option to accept ISO C89
configure:3575: /usr/bin/gcc  -c -g -O2  conftest.c >&5
configure:3575: $? = 0
configure:3588: result: none needed
configure:3613: checking whether /usr/bin/gcc understands -c and -o together
configure:3635: /usr/bin/gcc -c conftest.c -o conftest2.o
configure:3638: $? = 0
configure:3635: /usr/bin/gcc -c conftest.c -o conftest2.o
configure:3638: $? = 0
configure:3650: result: yes
configure:3670: checking whether make supports the include directive
configure:3685: make -f confmf.GNU && cat confinc.out
this is the am__doit target
configure:3688: $? = 0
configure:3707: result: yes (GNU style)
configure:3732: checking dependency style of /usr/bin/gcc
configure:3843: result: gcc3
configure:3869: checking how to run the C preprocessor
configure:3900: /usr/bin/gcc -E  conftest.c
configure:3900: $? = 0
configure:3914: /usr/bin/gcc -E  conftest.c
conftest.c:11:10: fatal error: ac_nonexistent.h: No such file or directory
   11 | #include <ac_nonexistent.h>
      |          ^~~~~~~~~~~~~~~~~~
compilation terminated.
configure:3914: $? = 1
configure: failed program was:
| /* confdefs.h */
| #define PACKAGE_NAME "rogueclone2s"
| #define PACKAGE_TARNAME "rogueclone2s"
| #define PACKAGE_VERSION "6.0"
| #define PACKAGE_STRING "rogueclone2s 6.0"
| #define PACKAGE_BUGREPORT "http://homepage2.nifty.com/107steps/"
| #define PACKAGE_URL ""
| #define PACKAGE "rogueclone2s"
| #define VERSION "6.0"
| /* end confdefs.h.  */
| #include <ac_nonexistent.h>
configure:3939: result: /usr/bin/gcc -E
configure:3959: /usr/bin/gcc -E  conftest.c
configure:3959: $? = 0
configure:3973: /usr/bin/gcc -E  conftest.c
conftest.c:11:10: fatal error: ac_nonexistent.h: No such file or directory
   11 | #include <ac_nonexistent.h>
      |          ^~~~~~~~~~~~~~~~~~
compilation terminated.
configure:3973: $? = 1
configure: failed program was:
| /* confdefs.h */
| #define PACKAGE_NAME "rogueclone2s"
| #define PACKAGE_TARNAME "rogueclone2s"
| #define PACKAGE_VERSION "6.0"
| #define PACKAGE_STRING "rogueclone2s 6.0"
| #define PACKAGE_BUGREPORT "http://homepage2.nifty.com/107steps/"
| #define PACKAGE_URL ""
| #define PACKAGE "rogueclone2s"
| #define VERSION "6.0"
| /* end confdefs.h.  */
| #include <ac_nonexistent.h>
configure:4002: checking for grep that handles long lines and -e
configure:4060: result: /usr/bin/grep
configure:4065: checking for egrep
configure:4127: result: /usr/bin/grep -E
configure:4132: checking for ANSI C header files
configure:4152: /usr/bin/gcc -c -g -O2  conftest.c >&5
configure:4152: $? = 0
configure:4225: /usr/bin/gcc -o conftest -g -O2   conftest.c  >&5
configure:4225: $? = 0
configure:4225: ./conftest
configure:4225: $? = 0
configure:4236: result: yes
configure:4249: checking for sys/types.h
configure:4249: /usr/bin/gcc -c -g -O2  conftest.c >&5
configure:4249: $? = 0
configure:4249: result: yes
configure:4249: checking for sys/stat.h
configure:4249: /usr/bin/gcc -c -g -O2  conftest.c >&5
configure:4249: $? = 0
configure:4249: result: yes
configure:4249: checking for stdlib.h
configure:4249: /usr/bin/gcc -c -g -O2  conftest.c >&5
configure:4249: $? = 0
configure:4249: result: yes
configure:4249: checking for string.h
configure:4249: /usr/bin/gcc -c -g -O2  conftest.c >&5
configure:4249: $? = 0
configure:4249: result: yes
configure:4249: checking for memory.h
configure:4249: /usr/bin/gcc -c -g -O2  conftest.c >&5
configure:4249: $? = 0
configure:4249: result: yes
configure:4249: checking for strings.h
configure:4249: /usr/bin/gcc -c -g -O2  conftest.c >&5
configure:4249: $? = 0
configure:4249: result: yes
configure:4249: checking for inttypes.h
configure:4249: /usr/bin/gcc -c -g -O2  conftest.c >&5
configure:4249: $? = 0
configure:4249: result: yes
configure:4249: checking for stdint.h
configure:4249: /usr/bin/gcc -c -g -O2  conftest.c >&5
configure:4249: $? = 0
configure:4249: result: yes
configure:4249: checking for unistd.h
configure:4249: /usr/bin/gcc -c -g -O2  conftest.c >&5
configure:4249: $? = 0
configure:4249: result: yes
configure:4264: checking fcntl.h usability
configure:4264: /usr/bin/gcc -c -g -O2  conftest.c >&5
configure:4264: $? = 0
configure:4264: result: yes
configure:4264: checking fcntl.h presence
configure:4264: /usr/bin/gcc -E  conftest.c
configure:4264: $? = 0
configure:4264: result: yes
configure:4264: checking for fcntl.h
configure:4264: result: yes
configure:4264: checking sgtty.h usability
configure:4264: /usr/bin/gcc -c -g -O2  conftest.c >&5
configure:4264: $? = 0
configure:4264: result: yes
configure:4264: checking sgtty.h presence
configure:4264: /usr/bin/gcc -E  conftest.c
configure:4264: $? = 0
configure:4264: result: yes
configure:4264: checking for sgtty.h
configure:4264: result: yes
configure:4264: checking for stdlib.h
configure:4264: result: yes
configure:4264: checking for string.h
configure:4264: result: yes
configure:4264: checking for strings.h
configure:4264: result: yes
configure:4264: checking sys/file.h usability
configure:4264: /usr/bin/gcc -c -g -O2  conftest.c >&5
configure:4264: $? = 0
configure:4264: result: yes
configure:4264: checking sys/file.h presence
configure:4264: /usr/bin/gcc -E  conftest.c
configure:4264: $? = 0
configure:4264: result: yes
configure:4264: checking for sys/file.h
configure:4264: result: yes
configure:4264: checking sys/time.h usability
configure:4264: /usr/bin/gcc -c -g -O2  conftest.c >&5
configure:4264: $? = 0
configure:4264: result: yes
configure:4264: checking sys/time.h presence
configure:4264: /usr/bin/gcc -E  conftest.c
configure:4264: $? = 0
configure:4264: result: yes
configure:4264: checking for sys/time.h
configure:4264: result: yes
configure:4264: checking termio.h usability
configure:4264: /usr/bin/gcc -c -g -O2  conftest.c >&5
configure:4264: $? = 0
configure:4264: result: yes
configure:4264: checking termio.h presence
configure:4264: /usr/bin/gcc -E  conftest.c
configure:4264: $? = 0
configure:4264: result: yes
configure:4264: checking for termio.h
configure:4264: result: yes
configure:4264: checking for unistd.h
configure:4264: result: yes
configure:4276: checking for an ANSI C-conforming const
configure:4342: /usr/bin/gcc -c -g -O2  conftest.c >&5
configure:4342: $? = 0
configure:4349: result: yes
configure:4357: checking for size_t
configure:4357: /usr/bin/gcc -c -g -O2  conftest.c >&5
configure:4357: $? = 0
configure:4357: /usr/bin/gcc -c -g -O2  conftest.c >&5
conftest.c: In function 'main':
conftest.c:66:21: error: expected expression before ')' token
   66 | if (sizeof ((size_t)))
      |                     ^
configure:4357: $? = 1
configure: failed program was:
| /* confdefs.h */
| #define PACKAGE_NAME "rogueclone2s"
| #define PACKAGE_TARNAME "rogueclone2s"
| #define PACKAGE_VERSION "6.0"
| #define PACKAGE_STRING "rogueclone2s 6.0"
| #define PACKAGE_BUGREPORT "http://homepage2.nifty.com/107steps/"
| #define PACKAGE_URL ""
| #define PACKAGE "rogueclone2s"
| #define VERSION "6.0"
| #define STDC_HEADERS 1
| #define HAVE_SYS_TYPES_H 1
| #define HAVE_SYS_STAT_H 1
| #define HAVE_STDLIB_H 1
| #define HAVE_STRING_H 1
| #define HAVE_MEMORY_H 1
| #define HAVE_STRINGS_H 1
| #define HAVE_INTTYPES_H 1
| #define HAVE_STDINT_H 1
| #define HAVE_UNISTD_H 1
| #define HAVE_FCNTL_H 1
| #define HAVE_SGTTY_H 1
| #define HAVE_STDLIB_H 1
| #define HAVE_STRING_H 1
| #define HAVE_STRINGS_H 1
| #define HAVE_SYS_FILE_H 1
| #define HAVE_SYS_TIME_H 1
| #define HAVE_TERMIO_H 1
| #define HAVE_UNISTD_H 1
| /* end confdefs.h.  */
| #include <stdio.h>
| #ifdef HAVE_SYS_TYPES_H
| # include <sys/types.h>
| #endif
| #ifdef HAVE_SYS_STAT_H
| # include <sys/stat.h>
| #endif
| #ifdef STDC_HEADERS
| # include <stdlib.h>
| # include <stddef.h>
| #else
| # ifdef HAVE_STDLIB_H
| #  include <stdlib.h>
| # endif
| #endif
| #ifdef HAVE_STRING_H
| # if !defined STDC_HEADERS && defined HAVE_MEMORY_H
| #  include <memory.h>
| # endif
| # include <string.h>
| #endif
| #ifdef HAVE_STRINGS_H
| # include <strings.h>
| #endif
| #ifdef HAVE_INTTYPES_H
| # include <inttypes.h>
| #endif
| #ifdef HAVE_STDINT_H
| # include <stdint.h>
| #endif
| #ifdef HAVE_UNISTD_H
| # include <unistd.h>
| #endif
| int
| main ()
| {
| if (sizeof ((size_t)))
| 	    return 0;
|   ;
|   return 0;
| }
configure:4357: result: yes
configure:4368: checking whether struct tm is in sys/time.h or time.h
configure:4388: /usr/bin/gcc -c -g -O2  conftest.c >&5
configure:4388: $? = 0
configure:4395: result: time.h
configure:4406: checking whether /usr/bin/gcc needs -traditional
configure:4440: result: no
configure:4447: checking for working memcmp
configure:4490: /usr/bin/gcc -o conftest -g -O2   conftest.c  >&5
configure:4490: $? = 0
configure:4490: ./conftest
configure:4490: $? = 0
configure:4500: result: yes
configure:4509: checking return type of signal handlers
configure:4527: /usr/bin/gcc -c -g -O2  conftest.c >&5
conftest.c: In function 'main':
conftest.c:36:10: error: void value not ignored as it ought to be
   36 | return *(signal (0, 0)) (0) == 1;
      |         ~^~~~~~~~~~~~~~~~~~
configure:4527: $? = 1
configure: failed program was:
| /* confdefs.h */
| #define PACKAGE_NAME "rogueclone2s"
| #define PACKAGE_TARNAME "rogueclone2s"
| #define PACKAGE_VERSION "6.0"
| #define PACKAGE_STRING "rogueclone2s 6.0"
| #define PACKAGE_BUGREPORT "http://homepage2.nifty.com/107steps/"
| #define PACKAGE_URL ""
| #define PACKAGE "rogueclone2s"
| #define VERSION "6.0"
| #define STDC_HEADERS 1
| #define HAVE_SYS_TYPES_H 1
| #define HAVE_SYS_STAT_H 1
| #define HAVE_STDLIB_H 1
| #define HAVE_STRING_H 1
| #define HAVE_MEMORY_H 1
| #define HAVE_STRINGS_H 1
| #define HAVE_INTTYPES_H 1
| #define HAVE_STDINT_H 1
| #define HAVE_UNISTD_H 1
| #define HAVE_FCNTL_H 1
| #define HAVE_SGTTY_H 1
| #define HAVE_STDLIB_H 1
| #define HAVE_STRING_H 1
| #define HAVE_STRINGS_H 1
| #define HAVE_SYS_FILE_H 1
| #define HAVE_SYS_TIME_H 1
| #define HAVE_TERMIO_H 1
| #define HAVE_UNISTD_H 1
| /* end confdefs.h.  */
| #include <sys/types.h>
| #include <signal.h>
| 
| int
| main ()
| {
| return *(signal (0, 0)) (0) == 1;
|   ;
|   return 0;
| }
configure:4534: result: void
configure:4542: checking whether lstat correctly handles trailing slash
configure:4568: /usr/bin/gcc -o conftest -g -O2   conftest.c  >&5
configure:4568: $? = 0
configure:4568: ./conftest
configure:4568: $? = 0
configure:4585: result: yes
configure:4604: checking whether stat accepts an empty string
configure:4624: /usr/bin/gcc -o conftest -g -O2   conftest.c  >&5
configure:4624: $? = 0
configure:4624: ./conftest
configure:4624: $? = 0
configure:4634: result: no
configure:4652: checking for stdlib.h
configure:4652: result: yes
configure:4662: checking for GNU libc compatible malloc
configure:4686: /usr/bin/gcc -o conftest -g -O2   conftest.c  >&5
configure:4686: $? = 0
configure:4686: ./conftest
configure:4686: $? = 0
configure:4696: result: yes
configure:4720: checking windows.h usability
configure:4720: /usr/bin/gcc -c -g -O2  conftest.c >&5
conftest.c:67:10: fatal error: windows.h: No such file or directory
   67 | #include <windows.h>
      |          ^~~~~~~~~~~
compilation terminated.
configure:4720: $? = 1
configure: failed program was:
| /* confdefs.h */
| #define PACKAGE_NAME "rogueclone2s"
| #define PACKAGE_TARNAME "rogueclone2s"
| #define PACKAGE_VERSION "6.0"
| #define PACKAGE_STRING "rogueclone2s 6.0"
| #define PACKAGE_BUGREPORT "http://homepage2.nifty.com/107steps/"
| #define PACKAGE_URL ""
| #define PACKAGE "rogueclone2s"
| #define VERSION "6.0"
| #define STDC_HEADERS 1
| #define HAVE_SYS_TYPES_H 1
| #define HAVE_SYS_STAT_H 1
| #define HAVE_STDLIB_H 1
| #define HAVE_STRING_H 1
| #define HAVE_MEMORY_H 1
| #define HAVE_STRINGS_H 1
| #define HAVE_INTTYPES_H 1
| #define HAVE_STDINT_H 1
| #define HAVE_UNISTD_H 1
| #define HAVE_FCNTL_H 1
| #define HAVE_SGTTY_H 1
| #define HAVE_STDLIB_H 1
| #define HAVE_STRING_H 1
| #define HAVE_STRINGS_H 1
| #define HAVE_SYS_FILE_H 1
| #define HAVE_SYS_TIME_H 1
| #define HAVE_TERMIO_H 1
| #define HAVE_UNISTD_H 1
| #define RETSIGTYPE void
| #define LSTAT_FOLLOWS_SLASHED_SYMLINK 1
| #define HAVE_STDLIB_H 1
| #define HAVE_MALLOC 1
| /* end confdefs.h.  */
| #include <stdio.h>
| #ifdef HAVE_SYS_TYPES_H
| # include <sys/types.h>
| #endif
| #ifdef HAVE_SYS_STAT_H
| # include <sys/stat.h>
| #endif
| #ifdef STDC_HEADERS
| # include <stdlib.h>
| # include <stddef.h>
| #else
| # ifdef HAVE_STDLIB_H
| #  include <stdlib.h>
| # endif
| #endif
| #ifdef HAVE_STRING_H
| # if !defined STDC_HEADERS && defined HAVE_MEMORY_H
| #  include <memory.h>
| # endif
| # include <string.h>
| #endif
| #ifdef HAVE_STRINGS_H
| # include <strings.h>
| #endif
| #ifdef HAVE_INTTYPES_H
| # include <inttypes.h>
| #endif
| #ifdef HAVE_STDINT_H
| # include <stdint.h>
| #endif
| #ifdef HAVE_UNISTD_H
| # include <unistd.h>
| #endif
| #include <windows.h>
configure:4720: result: no
configure:4720: checking windows.h presence
configure:4720: /usr/bin/gcc -E  conftest.c
conftest.c:34:10: fatal error: windows.h: No such file or directory
   34 | #include <windows.h>
      |          ^~~~~~~~~~~
compilation terminated.
configure:4720: $? = 1
configure: failed program was:
| /* confdefs.h */
| #define PACKAGE_NAME "rogueclone2s"
| #define PACKAGE_TARNAME "rogueclone2s"
| #define PACKAGE_VERSION "6.0"
| #define PACKAGE_STRING "rogueclone2s 6.0"
| #define PACKAGE_BUGREPORT "http://homepage2.nifty.com/107steps/"
| #define PACKAGE_URL ""
| #define PACKAGE "rogueclone2s"
| #define VERSION "6.0"
| #define STDC_HEADERS 1
| #define HAVE_SYS_TYPES_H 1
| #define HAVE_SYS_STAT_H 1
| #define HAVE_STDLIB_H 1
| #define HAVE_STRING_H 1
| #define HAVE_MEMORY_H 1
| #define HAVE_STRINGS_H 1
| #define HAVE_INTTYPES_H 1
| #define HAVE_STDINT_H 1
| #define HAVE_UNISTD_H 1
| #define HAVE_FCNTL_H 1
| #define HAVE_SGTTY_H 1
| #define HAVE_STDLIB_H 1
| #define HAVE_STRING_H 1
| #define HAVE_STRINGS_H 1
| #define HAVE_SYS_FILE_H 1
| #define HAVE_SYS_TIME_H 1
| #define HAVE_TERMIO_H 1
| #define HAVE_UNISTD_H 1
| #define RETSIGTYPE void
| #define LSTAT_FOLLOWS_SLASHED_SYMLINK 1
| #define HAVE_STDLIB_H 1
| #define HAVE_MALLOC 1
| /* end confdefs.h.  */
| #include <windows.h>
configure:4720: result: no
configure:4720: checking for windows.h
configure:4720: result: no
configure:4720: checking locale.h usability
configure:4720: /usr/bin/gcc -c -g -O2  conftest.c >&5
configure:4720: $? = 0
configure:4720: result: yes
configure:4720: checking locale.h presence
configure:4720: /usr/bin/gcc -E  conftest.c
configure:4720: $? = 0
configure:4720: result: yes
configure:4720: checking for locale.h
configure:4720: result: yes
configure:4730: checking for initscr in -lncursesw
configure:4755: /usr/bin/gcc -o conftest -g -O2   conftest.c -lncursesw   >&5
configure:4755: $? = 0
configure:4764: result: yes
configure:4775: checking for _sleep in -lkernel32
configure:4800: /usr/bin/gcc -o conftest -g -O2   conftest.c -lkernel32  -lncursesw  >&5
/usr/bin/ld: cannot find -lkernel32
collect2: error: ld returned 1 exit status
configure:4800: $? = 1
configure: failed program was:
| /* confdefs.h */
| #define PACKAGE_NAME "rogueclone2s"
| #define PACKAGE_TARNAME "rogueclone2s"
| #define PACKAGE_VERSION "6.0"
| #define PACKAGE_STRING "rogueclone2s 6.0"
| #define PACKAGE_BUGREPORT "http://homepage2.nifty.com/107steps/"
| #define PACKAGE_URL ""
| #define PACKAGE "rogueclone2s"
| #define VERSION "6.0"
| #define STDC_HEADERS 1
| #define HAVE_SYS_TYPES_H 1
| #define HAVE_SYS_STAT_H 1
| #define HAVE_STDLIB_H 1
| #define HAVE_STRING_H 1
| #define HAVE_MEMORY_H 1
| #define HAVE_STRINGS_H 1
| #define HAVE_INTTYPES_H 1
| #define HAVE_STDINT_H 1
| #define HAVE_UNISTD_H 1
| #define HAVE_FCNTL_H 1
| #define HAVE_SGTTY_H 1
| #define HAVE_STDLIB_H 1
| #define HAVE_STRING_H 1
| #define HAVE_STRINGS_H 1
| #define HAVE_SYS_FILE_H 1
| #define HAVE_SYS_TIME_H 1
| #define HAVE_TERMIO_H 1
| #define HAVE_UNISTD_H 1
| #define RETSIGTYPE void
| #define LSTAT_FOLLOWS_SLASHED_SYMLINK 1
| #define HAVE_STDLIB_H 1
| #define HAVE_MALLOC 1
| #define HAVE_LOCALE_H 1
| #define HAVE_LIBNCURSESW 1
| /* end confdefs.h.  */
| 
| /* Override any GCC internal prototype to avoid an error.
|    Use char because int might match the return type of a GCC
|    builtin and then its argument prototype would still apply.  */
| #ifdef __cplusplus
| extern "C"
| #endif
| char _sleep ();
| int
| main ()
| {
| return _sleep ();
|   ;
|   return 0;
| }
configure:4809: result: no
configure:4823: checking for chdir
configure:4823: /usr/bin/gcc -o conftest -g -O2   conftest.c -lncursesw  >&5
configure:4823: $? = 0
configure:4823: result: yes
configure:4823: checking for getcwd
configure:4823: /usr/bin/gcc -o conftest -g -O2   conftest.c -lncursesw  >&5
configure:4823: $? = 0
configure:4823: result: yes
configure:4823: checking for getenv
configure:4823: /usr/bin/gcc -o conftest -g -O2   conftest.c -lncursesw  >&5
configure:4823: $? = 0
configure:4823: result: yes
configure:4823: checking for getlogin
configure:4823: /usr/bin/gcc -o conftest -g -O2   conftest.c -lncursesw  >&5
configure:4823: $? = 0
configure:4823: result: yes
configure:4823: checking for memset
configure:4823: /usr/bin/gcc -o conftest -g -O2   conftest.c -lncursesw  >&5
conftest.c:63:6: warning: conflicting types for built-in function 'memset'; expected 'void *(void *, int,  long unsigned int)' [-Wbuiltin-declaration-mismatch]
   63 | char memset ();
      |      ^~~~~~
conftest.c:51:1: note: 'memset' is declared in header '<string.h>'
   50 | # include <limits.h>
   51 | #else
configure:4823: $? = 0
configure:4823: result: yes
configure:4823: checking for putenv
configure:4823: /usr/bin/gcc -o conftest -g -O2   conftest.c -lncursesw  >&5
configure:4823: $? = 0
configure:4823: result: yes
configure:4823: checking for setenv
configure:4823: /usr/bin/gcc -o conftest -g -O2   conftest.c -lncursesw  >&5
configure:4823: $? = 0
configure:4823: result: yes
configure:4823: checking for setlocale
configure:4823: /usr/bin/gcc -o conftest -g -O2   conftest.c -lncursesw  >&5
configure:4823: $? = 0
configure:4823: result: yes
configure:4823: checking for strchr
configure:4823: /usr/bin/gcc -o conftest -g -O2   conftest.c -lncursesw  >&5
conftest.c:67:6: warning: conflicting types for built-in function 'strchr'; expected 'char *(const char *, int)' [-Wbuiltin-declaration-mismatch]
   67 | char strchr ();
      |      ^~~~~~
conftest.c:55:1: note: 'strchr' is declared in header '<string.h>'
   54 | # include <limits.h>
   55 | #else
configure:4823: $? = 0
configure:4823: result: yes
configure:4823: checking for sleep
configure:4823: /usr/bin/gcc -o conftest -g -O2   conftest.c -lncursesw  >&5
configure:4823: $? = 0
configure:4823: result: yes
configure:4835: checking for assume_default_colors
configure:4835: /usr/bin/gcc -o conftest -g -O2   conftest.c -lncursesw  >&5
configure:4835: $? = 0
configure:4835: result: yes
configure:4835: checking for attr_get
configure:4835: /usr/bin/gcc -o conftest -g -O2   conftest.c -lncursesw  >&5
configure:4835: $? = 0
configure:4835: result: yes
configure:4967: checking that generated files are newer than configure
configure:4973: result: done
configure:4996: creating ./config.status

## ---------------------- ##
## Running config.status. ##
## ---------------------- ##

This file was extended by rogueclone2s config.status 6.0, which was
generated by GNU Autoconf 2.69.  Invocation command line was

  CONFIG_FILES    = 
  CONFIG_HEADERS  = 
  CONFIG_LINKS    = 
  CONFIG_COMMANDS = 
  $ ./config.status 

on raspberrypi

config.status:884: creating Makefile
config.status:884: creating doc/Makefile
config.status:884: creating man/Makefile
config.status:884: creating src/Makefile
config.status:884: creating config.h
config.status:1113: executing depfiles commands
config.status:1190: cd src       && sed -e '/# am--include-marker/d' Makefile         | make -f - am--depfiles
make: Nothing to be done for 'am--depfiles'.
config.status:1195: $? = 0

## ---------------- ##
## Cache variables. ##
## ---------------- ##

ac_cv_c_compiler_gnu=yes
ac_cv_c_const=yes
ac_cv_env_CC_set=set
ac_cv_env_CC_value=/usr/bin/gcc
ac_cv_env_CFLAGS_set=
ac_cv_env_CFLAGS_value=
ac_cv_env_CPPFLAGS_set=
ac_cv_env_CPPFLAGS_value=
ac_cv_env_CPP_set=
ac_cv_env_CPP_value=
ac_cv_env_LDFLAGS_set=
ac_cv_env_LDFLAGS_value=
ac_cv_env_LIBS_set=
ac_cv_env_LIBS_value=
ac_cv_env_build_alias_set=
ac_cv_env_build_alias_value=
ac_cv_env_host_alias_set=
ac_cv_env_host_alias_value=
ac_cv_env_target_alias_set=
ac_cv_env_target_alias_value=
ac_cv_func_assume_default_colors=yes
ac_cv_func_attr_get=yes
ac_cv_func_chdir=yes
ac_cv_func_getcwd=yes
ac_cv_func_getenv=yes
ac_cv_func_getlogin=yes
ac_cv_func_lstat_dereferences_slashed_symlink=yes
ac_cv_func_malloc_0_nonnull=yes
ac_cv_func_memcmp_working=yes
ac_cv_func_memset=yes
ac_cv_func_putenv=yes
ac_cv_func_setenv=yes
ac_cv_func_setlocale=yes
ac_cv_func_sleep=yes
ac_cv_func_stat_empty_string_bug=no
ac_cv_func_strchr=yes
ac_cv_header_fcntl_h=yes
ac_cv_header_inttypes_h=yes
ac_cv_header_locale_h=yes
ac_cv_header_memory_h=yes
ac_cv_header_sgtty_h=yes
ac_cv_header_stdc=yes
ac_cv_header_stdint_h=yes
ac_cv_header_stdlib_h=yes
ac_cv_header_string_h=yes
ac_cv_header_strings_h=yes
ac_cv_header_sys_file_h=yes
ac_cv_header_sys_stat_h=yes
ac_cv_header_sys_time_h=yes
ac_cv_header_sys_types_h=yes
ac_cv_header_termio_h=yes
ac_cv_header_unistd_h=yes
ac_cv_header_windows_h=no
ac_cv_lib_kernel32__sleep=no
ac_cv_lib_ncursesw_initscr=yes
ac_cv_objext=o
ac_cv_path_EGREP='/usr/bin/grep -E'
ac_cv_path_GREP=/usr/bin/grep
ac_cv_path_install='/usr/bin/install -c'
ac_cv_path_mkdir=/usr/bin/mkdir
ac_cv_prog_AWK=mawk
ac_cv_prog_CPP='/usr/bin/gcc -E'
ac_cv_prog_ac_ct_CC=/usr/bin/gcc
ac_cv_prog_cc_c89=
ac_cv_prog_cc_g=yes
ac_cv_prog_gcc_traditional=no
ac_cv_prog_make_make_set=yes
ac_cv_struct_tm=time.h
ac_cv_type_signal=void
ac_cv_type_size_t=yes
am_cv_CC_dependencies_compiler_type=gcc3
am_cv_make_support_nested_variables=yes
am_cv_prog_cc_c_o=yes

## ----------------- ##
## Output variables. ##
## ----------------- ##

ACLOCAL='aclocal-1.16'
AMDEPBACKSLASH='\'
AMDEP_FALSE='#'
AMDEP_TRUE=''
AMTAR='$${TAR-tar}'
AM_BACKSLASH='\'
AM_DEFAULT_V='$(AM_DEFAULT_VERBOSITY)'
AM_DEFAULT_VERBOSITY='1'
AM_V='$(V)'
AUTOCONF='autoconf'
AUTOHEADER='autoheader'
AUTOMAKE='automake-1.16'
AWK='mawk'
CC='/usr/bin/gcc'
CCDEPMODE='depmode=gcc3'
CFLAGS='-g -O2'
CPP='/usr/bin/gcc -E'
CPPFLAGS=' -D_XOPEN_SOURCE=500'
CYGPATH_W='echo'
DEFS='-DHAVE_CONFIG_H'
DEPDIR='.deps'
ECHO_C=''
ECHO_N='-n'
ECHO_T=''
EGREP='/usr/bin/grep -E'
EXEEXT=''
GREP='/usr/bin/grep'
INSTALL_DATA='${INSTALL} -m 644'
INSTALL_PROGRAM='${INSTALL}'
INSTALL_SCRIPT='${INSTALL}'
INSTALL_STRIP_PROGRAM='$(install_sh) -c -s'
LDFLAGS=''
LIBOBJS=''
LIBS='-lncursesw '
LTLIBOBJS=''
MAKEINFO='makeinfo'
MKDIR_P='/usr/bin/mkdir -p'
OBJEXT='o'
PACKAGE='rogueclone2s'
PACKAGE_BUGREPORT='http://homepage2.nifty.com/107steps/'
PACKAGE_NAME='rogueclone2s'
PACKAGE_STRING='rogueclone2s 6.0'
PACKAGE_TARNAME='rogueclone2s'
PACKAGE_URL=''
PACKAGE_VERSION='6.0'
PATH_SEPARATOR=':'
SET_MAKE=''
SHELL='/bin/bash'
STRIP=''
VERSION='6.0'
ac_ct_CC='/usr/bin/gcc'
am__EXEEXT_FALSE=''
am__EXEEXT_TRUE='#'
am__fastdepCC_FALSE='#'
am__fastdepCC_TRUE=''
am__include='include'
am__isrc=''
am__leading_dot='.'
am__nodep='_no'
am__quote=''
am__tar='$${TAR-tar} chof - "$$tardir"'
am__untar='$${TAR-tar} xf -'
bindir='${exec_prefix}/bin'
build_alias=''
datadir='${datarootdir}'
datarootdir='${prefix}/share'
docdir='${datarootdir}/doc/${PACKAGE_TARNAME}'
dvidir='${docdir}'
exec_prefix='${prefix}'
host_alias=''
htmldir='${docdir}'
includedir='${prefix}/include'
infodir='${datarootdir}/info'
install_sh='${SHELL} /home/pi/Rogue2.Official/install-sh'
libdir='${exec_prefix}/lib'
libexecdir='${exec_prefix}/libexec'
localedir='${datarootdir}/locale'
localstatedir='${prefix}/var'
mandir='${datarootdir}/man'
mkdir_p='$(MKDIR_P)'
oldincludedir='/usr/include'
pdfdir='${docdir}'
prefix='/usr/local'
program_transform_name='s,x,x,'
psdir='${docdir}'
runstatedir='${localstatedir}/run'
sbindir='${exec_prefix}/sbin'
sharedstatedir='${prefix}/com'
sysconfdir='${prefix}/etc'
target_alias=''

## ----------- ##
## confdefs.h. ##
## ----------- ##

/* confdefs.h */
#define PACKAGE_NAME "rogueclone2s"
#define PACKAGE_TARNAME "rogueclone2s"
#define PACKAGE_VERSION "6.0"
#define PACKAGE_STRING "rogueclone2s 6.0"
#define PACKAGE_BUGREPORT "http://homepage2.nifty.com/107steps/"
#define PACKAGE_URL ""
#define PACKAGE "rogueclone2s"
#define VERSION "6.0"
#define STDC_HEADERS 1
#define HAVE_SYS_TYPES_H 1
#define HAVE_SYS_STAT_H 1
#define HAVE_STDLIB_H 1
#define HAVE_STRING_H 1
#define HAVE_MEMORY_H 1
#define HAVE_STRINGS_H 1
#define HAVE_INTTYPES_H 1
#define HAVE_STDINT_H 1
#define HAVE_UNISTD_H 1
#define HAVE_FCNTL_H 1
#define HAVE_SGTTY_H 1
#define HAVE_STDLIB_H 1
#define HAVE_STRING_H 1
#define HAVE_STRINGS_H 1
#define HAVE_SYS_FILE_H 1
#define HAVE_SYS_TIME_H 1
#define HAVE_TERMIO_H 1
#define HAVE_UNISTD_H 1
#define RETSIGTYPE void
#define LSTAT_FOLLOWS_SLASHED_SYMLINK 1
#define HAVE_STDLIB_H 1
#define HAVE_MALLOC 1
#define HAVE_LOCALE_H 1
#define HAVE_LIBNCURSESW 1
#define HAVE_CHDIR 1
#define HAVE_GETCWD 1
#define HAVE_GETENV 1
#define HAVE_GETLOGIN 1
#define HAVE_MEMSET 1
#define HAVE_PUTENV 1
#define HAVE_SETENV 1
#define HAVE_SETLOCALE 1
#define HAVE_STRCHR 1
#define HAVE_SLEEP 1
#define HAVE_ASSUME_DEFAULT_COLORS 1
#define HAVE_ATTR_GET 1
#define COLOR /**/

configure: exit 0
